0 info it worked if it ends with ok
1 verbose cli [ '/usr/bin/node', '/bin/npm', 'install', 'forever-g' ]
2 info using npm@3.10.10
3 info using node@v6.10.2
4 silly loadCurrentTree Starting
5 silly install loadCurrentTree
6 silly install readLocalPackageData
7 silly fetchPackageMetaData forever-g
8 silly fetchNamedPackageData forever-g
9 silly mapToRegistry name forever-g
10 silly mapToRegistry using default registry
11 silly mapToRegistry registry https://registry.npmjs.org/
12 silly mapToRegistry data Result {
12 silly mapToRegistry   raw: 'forever-g',
12 silly mapToRegistry   scope: null,
12 silly mapToRegistry   escapedName: 'forever-g',
12 silly mapToRegistry   name: 'forever-g',
12 silly mapToRegistry   rawSpec: '',
12 silly mapToRegistry   spec: 'latest',
12 silly mapToRegistry   type: 'tag' }
13 silly mapToRegistry uri https://registry.npmjs.org/forever-g
14 verbose request uri https://registry.npmjs.org/forever-g
15 verbose request no auth needed
16 info attempt registry request try #1 at 3:59:23 PM
17 verbose request id 8c0c0adc7579ab19
18 http request GET https://registry.npmjs.org/forever-g
19 http 404 https://registry.npmjs.org/forever-g
20 verbose headers { date: 'Thu, 21 May 2020 22:59:23 GMT',
20 verbose headers   'content-type': 'application/json',
20 verbose headers   'content-length': '21',
20 verbose headers   connection: 'keep-alive',
20 verbose headers   'set-cookie': [ '__cfduid=d7b9da166b43351b24cdf7c7a8c6c02101590101963; expires=Sat, 20-Jun-20 22:59:23 GMT; path=/; domain=.npmjs.org; HttpOnly; SameSite=Lax' ],
20 verbose headers   'cf-ray': '5971e8557b26c9a5-SEA',
20 verbose headers   vary: 'Accept-Encoding',
20 verbose headers   'cf-cache-status': 'MISS',
20 verbose headers   'expect-ct': 'max-age=604800, report-uri="https://report-uri.cloudflare.com/cdn-cgi/beacon/expect-ct"',
20 verbose headers   server: 'cloudflare',
20 verbose headers   'cf-request-id': '02db0f89670000c9a52e9e6200000001' }
21 silly get cb [ 404,
21 silly get   { date: 'Thu, 21 May 2020 22:59:23 GMT',
21 silly get     'content-type': 'application/json',
21 silly get     'content-length': '21',
21 silly get     connection: 'keep-alive',
21 silly get     'set-cookie': [ '__cfduid=d7b9da166b43351b24cdf7c7a8c6c02101590101963; expires=Sat, 20-Jun-20 22:59:23 GMT; path=/; domain=.npmjs.org; HttpOnly; SameSite=Lax' ],
21 silly get     'cf-ray': '5971e8557b26c9a5-SEA',
21 silly get     vary: 'Accept-Encoding',
21 silly get     'cf-cache-status': 'MISS',
21 silly get     'expect-ct': 'max-age=604800, report-uri="https://report-uri.cloudflare.com/cdn-cgi/beacon/expect-ct"',
21 silly get     server: 'cloudflare',
21 silly get     'cf-request-id': '02db0f89670000c9a52e9e6200000001' } ]
22 silly fetchPackageMetaData Error: Not found : forever-g
22 silly fetchPackageMetaData     at makeError (/usr/lib/node_modules/npm/node_modules.bundled/npm-registry-client/lib/request.js:302:12)
22 silly fetchPackageMetaData     at CachingRegistryClient.<anonymous> (/usr/lib/node_modules/npm/node_modules.bundled/npm-registry-client/lib/request.js:290:14)
22 silly fetchPackageMetaData     at Request._callback (/usr/lib/node_modules/npm/node_modules.bundled/npm-registry-client/lib/request.js:210:14)
22 silly fetchPackageMetaData     at Request.self.callback (/usr/lib/node_modules/npm/node_modules.bundled/request/request.js:187:22)
22 silly fetchPackageMetaData     at emitTwo (events.js:106:13)
22 silly fetchPackageMetaData     at Request.emit (events.js:191:7)
22 silly fetchPackageMetaData     at Request.<anonymous> (/usr/lib/node_modules/npm/node_modules.bundled/request/request.js:1048:10)
22 silly fetchPackageMetaData     at emitOne (events.js:96:13)
22 silly fetchPackageMetaData     at Request.emit (events.js:188:7)
22 silly fetchPackageMetaData     at IncomingMessage.<anonymous> (/usr/lib/node_modules/npm/node_modules.bundled/request/request.js:969:12)
22 silly fetchPackageMetaData  error for forever-g { Error: Not found : forever-g
22 silly fetchPackageMetaData     at makeError (/usr/lib/node_modules/npm/node_modules.bundled/npm-registry-client/lib/request.js:302:12)
22 silly fetchPackageMetaData     at CachingRegistryClient.<anonymous> (/usr/lib/node_modules/npm/node_modules.bundled/npm-registry-client/lib/request.js:290:14)
22 silly fetchPackageMetaData     at Request._callback (/usr/lib/node_modules/npm/node_modules.bundled/npm-registry-client/lib/request.js:210:14)
22 silly fetchPackageMetaData     at Request.self.callback (/usr/lib/node_modules/npm/node_modules.bundled/request/request.js:187:22)
22 silly fetchPackageMetaData     at emitTwo (events.js:106:13)
22 silly fetchPackageMetaData     at Request.emit (events.js:191:7)
22 silly fetchPackageMetaData     at Request.<anonymous> (/usr/lib/node_modules/npm/node_modules.bundled/request/request.js:1048:10)
22 silly fetchPackageMetaData     at emitOne (events.js:96:13)
22 silly fetchPackageMetaData     at Request.emit (events.js:188:7)
22 silly fetchPackageMetaData     at IncomingMessage.<anonymous> (/usr/lib/node_modules/npm/node_modules.bundled/request/request.js:969:12) pkgid: 'forever-g', statusCode: 404, code: 'E404' }
23 silly rollbackFailedOptional Starting
24 silly rollbackFailedOptional Finishing
25 silly runTopLevelLifecycles Finishing
26 silly install printInstalled
27 verbose stack Error: Not found : forever-g
27 verbose stack     at makeError (/usr/lib/node_modules/npm/node_modules.bundled/npm-registry-client/lib/request.js:302:12)
27 verbose stack     at CachingRegistryClient.<anonymous> (/usr/lib/node_modules/npm/node_modules.bundled/npm-registry-client/lib/request.js:290:14)
27 verbose stack     at Request._callback (/usr/lib/node_modules/npm/node_modules.bundled/npm-registry-client/lib/request.js:210:14)
27 verbose stack     at Request.self.callback (/usr/lib/node_modules/npm/node_modules.bundled/request/request.js:187:22)
27 verbose stack     at emitTwo (events.js:106:13)
27 verbose stack     at Request.emit (events.js:191:7)
27 verbose stack     at Request.<anonymous> (/usr/lib/node_modules/npm/node_modules.bundled/request/request.js:1048:10)
27 verbose stack     at emitOne (events.js:96:13)
27 verbose stack     at Request.emit (events.js:188:7)
27 verbose stack     at IncomingMessage.<anonymous> (/usr/lib/node_modules/npm/node_modules.bundled/request/request.js:969:12)
28 verbose statusCode 404
29 verbose pkgid forever-g
30 verbose cwd /nfs/stak/users/doerflea/public_html/CS340_FinalProject
31 error Linux 3.10.0-1062.9.1.el7.x86_64
32 error argv "/usr/bin/node" "/bin/npm" "install" "forever-g"
33 error node v6.10.2
34 error npm  v3.10.10
35 error code E404
36 error 404 Not found : forever-g
37 error 404
38 error 404 'forever-g' is not in the npm registry.
39 error 404 You should bug the author to publish it (or use the name yourself!)
40 error 404 Note that you can also install from a
41 error 404 tarball, folder, http url, or git url.
42 verbose exit [ 1, true ]
